/var/spool/slurm/job35906275/slurm_script: line 17: /ibex/user/alvarem/miniconda3/bin/activate: No such file or directory
/home/alvarem/bridge/bridge.py:1967: RuntimeWarning: invalid value encountered in divide
  [part_prox,x0_new_prox,x1_new_prox]=\
/home/alvarem/bridge/bridge.py:2092: RuntimeWarning: invalid value encountered in divide
  x0_new=np.zeros(N)
multiprocessing.pool.RemoteTraceback: 
"""
Traceback (most recent call last):
  File "/home/alvarem/miniconda3/envs/loc/lib/python3.9/multiprocessing/pool.py", line 125, in worker
    result = (True, func(*args, **kwds))
  File "/home/alvarem/miniconda3/envs/loc/lib/python3.9/multiprocessing/pool.py", line 48, in mapstar
    return list(map(*args))
  File "/home/alvarem/bridge/Par_loc.py", line 464, in Prl_C_SGD_ou_bridge
    bdg.C_Grad_Cond_PF_bridge_back_samp(cond_path_0,cond_path_1,seeds_cond_0,seeds_cond_1,t0,x0,T,b,\
  File "/home/alvarem/bridge/bridge.py", line 5174, in C_Grad_Cond_PF_bridge_back_samp
    Grad_log_aux_transition+=\
  File "/home/alvarem/bridge/bridge.py", line 4660, in C_Cond_PF_bridge_back_samp
    [j_0,j_1,som_0,som_1]=max_coup_multi_sing_samp(weights_0,weights_1,x_new_0,x_new_1,1)
  File "/home/alvarem/bridge/bridge.py", line 2094, in max_coup_multi_sing_samp
    if bino==1:
  File "/home/alvarem/bridge/bridge.py", line 1926, in multi_samp
  File "mtrand.pyx", line 954, in numpy.random.mtrand.RandomState.choice
ValueError: probabilities contain NaN
"""

The above exception was the direct cause of the following exception:

Traceback (most recent call last):
  File "/home/alvarem/bridge/Par_loc.py", line 614, in <module>
    bdg.r_quasi_normal_1d,[bdg.ou_sd,[theta_in_aux,sigma_in_aux]],[bdg.ou_sd,[theta_in_aux,sigma_in_aux_fd]],\
  File "/home/alvarem/miniconda3/envs/loc/lib/python3.9/multiprocessing/pool.py", line 364, in map
    return self._map_async(func, iterable, mapstar, chunksize).get()
  File "/home/alvarem/miniconda3/envs/loc/lib/python3.9/multiprocessing/pool.py", line 771, in get
    raise self._value
ValueError: probabilities contain NaN
